<?xml version="1.0" encoding="UTF-8"?>
<import-aorta-documents xmlns="https://nictiz.nl/ns/YATC-shared/import-aorta-documents"
 xmlns:xsi="http://www.w3.org/2001/XMLSchema-instance"
 xsi:schemaLocation="https://nictiz.nl/ns/YATC-shared/import-aorta-documents ../import-aorta-documents.xsd" href-target="tmp/env/AORTA">
    <!-- ======================================================================= -->
    <!-- 
        Test input for the import-aorta-documents.xpl pipeline.
    -->
    <!-- ======================================================================= -->
    <!--
        Copyright Â© Nictiz
        
        This program is free software; you can redistribute it and/or modify it under the terms of the
        GNU Lesser General Public License as published by the Free Software Foundation; either version
        2.1 of the License, or (at your option) any later version.
        
        This program is distributed in the hope that it will be useful, but WITHOUT ANY WARRANTY;
        without even the implied warranty of MERCHANTABILITY or FITNESS FOR A PARTICULAR PURPOSE.
        See the GNU Lesser General Public License for more details.
        
        The full text of the license is available at http://www.gnu.org/copyleft/lesser.html
    -->
    <!-- ======================================================================= -->
    
    <document href="trunk/XML/schemas_codeGen_flat/GQZG_IN000001NL.xsd"/>
    <directory href="trunk/XML">
        <directory href="schemas_codeGen_flat">
            <document href="ZTVW_IN000005NL01.xsd"/>
        </directory>
    </directory>
    
</import-aorta-documents>
